<?xml version="1.0" encoding="UTF-8"?>
<testsuite xmlns:xsi="http://www.w3.org/2001/XMLSchema-instance" xsi:noNamespaceSchemaLocation="https://maven.apache.org/surefire/maven-surefire-plugin/xsd/surefire-test-report-3.0.xsd" version="3.0" name="TestSuite" time="45.087" tests="5" errors="0" skipped="0" failures="5">
  <properties>
[...]
</properties>
  <testcase name="testcase1" classname="testcases.TC_001" time="9.709">
    <failure message="Session ID is null. Using WebDriver after calling quit()?&#10;Build info: version: &apos;3.1.0&apos;, revision: &apos;b94c902&apos;, time: &apos;2017-02-16 12:21:31 -0800&apos;&#10;System info: host: &apos;DESKTOP-3NLNO6U&apos;, ip: &apos;192.168.56.1&apos;, os.name: &apos;Windows 10&apos;, os.arch: &apos;amd64&apos;, os.version: &apos;10.0&apos;, java.version: &apos;1.8.0_271&apos;&#10;Driver info: driver.version: RemoteWebDriver" type="org.openqa.selenium.NoSuchSessionException"><![CDATA[org.openqa.selenium.NoSuchSessionException: 
Session ID is null. Using WebDriver after calling quit()?
Build info: version: '3.1.0', revision: 'b94c902', time: '2017-02-16 12:21:31 -0800'
System info: host: 'DESKTOP-3NLNO6U', ip: '192.168.56.1', os.name: 'Windows 10', os.arch: 'amd64', os.version: '10.0', java.version: '1.8.0_271'
Driver info: driver.version: RemoteWebDriver
	at testcases.TC_001.testcase1(TC_001.java:20)
]]></failure>
    <system-err><![CDATA[Starting ChromeDriver 87.0.4280.88 (89e2380a3e36c3464b5dd1302349b1382549290d-refs/branch-heads/4280@{#1761}) on port 22993
Only local connections are allowed.
Please see https://chromedriver.chromium.org/security-considerations for suggestions on keeping ChromeDriver safe.
ChromeDriver was started successfully.
Jan 04, 2021 7:52:20 PM org.openqa.selenium.remote.ProtocolHandshake createSession
INFO: Detected dialect: OSS
]]></system-err>
  </testcase>
  <testcase name="testcase1" classname="testcases.TC_002" time="8.713">
    <failure message="Session ID is null. Using WebDriver after calling quit()?&#10;Build info: version: &apos;3.1.0&apos;, revision: &apos;b94c902&apos;, time: &apos;2017-02-16 12:21:31 -0800&apos;&#10;System info: host: &apos;DESKTOP-3NLNO6U&apos;, ip: &apos;192.168.56.1&apos;, os.name: &apos;Windows 10&apos;, os.arch: &apos;amd64&apos;, os.version: &apos;10.0&apos;, java.version: &apos;1.8.0_271&apos;&#10;Driver info: driver.version: RemoteWebDriver" type="org.openqa.selenium.NoSuchSessionException"><![CDATA[org.openqa.selenium.NoSuchSessionException: 
Session ID is null. Using WebDriver after calling quit()?
Build info: version: '3.1.0', revision: 'b94c902', time: '2017-02-16 12:21:31 -0800'
System info: host: 'DESKTOP-3NLNO6U', ip: '192.168.56.1', os.name: 'Windows 10', os.arch: 'amd64', os.version: '10.0', java.version: '1.8.0_271'
Driver info: driver.version: RemoteWebDriver
	at testcases.TC_002.testcase1(TC_002.java:17)
]]></failure>
    <system-err><![CDATA[Starting ChromeDriver 87.0.4280.88 (89e2380a3e36c3464b5dd1302349b1382549290d-refs/branch-heads/4280@{#1761}) on port 43941
Only local connections are allowed.
Please see https://chromedriver.chromium.org/security-considerations for suggestions on keeping ChromeDriver safe.
ChromeDriver was started successfully.
Jan 04, 2021 7:52:28 PM org.openqa.selenium.remote.ProtocolHandshake createSession
INFO: Detected dialect: OSS
]]></system-err>
  </testcase>
  <testcase name="testcase1" classname="testcases.TC_003" time="8.308">
    <failure message="Session ID is null. Using WebDriver after calling quit()?&#10;Build info: version: &apos;3.1.0&apos;, revision: &apos;b94c902&apos;, time: &apos;2017-02-16 12:21:31 -0800&apos;&#10;System info: host: &apos;DESKTOP-3NLNO6U&apos;, ip: &apos;192.168.56.1&apos;, os.name: &apos;Windows 10&apos;, os.arch: &apos;amd64&apos;, os.version: &apos;10.0&apos;, java.version: &apos;1.8.0_271&apos;&#10;Driver info: driver.version: RemoteWebDriver" type="org.openqa.selenium.NoSuchSessionException"><![CDATA[org.openqa.selenium.NoSuchSessionException: 
Session ID is null. Using WebDriver after calling quit()?
Build info: version: '3.1.0', revision: 'b94c902', time: '2017-02-16 12:21:31 -0800'
System info: host: 'DESKTOP-3NLNO6U', ip: '192.168.56.1', os.name: 'Windows 10', os.arch: 'amd64', os.version: '10.0', java.version: '1.8.0_271'
Driver info: driver.version: RemoteWebDriver
	at testcases.TC_003.testcase1(TC_003.java:17)
]]></failure>
    <system-err><![CDATA[Starting ChromeDriver 87.0.4280.88 (89e2380a3e36c3464b5dd1302349b1382549290d-refs/branch-heads/4280@{#1761}) on port 47119
Only local connections are allowed.
Please see https://chromedriver.chromium.org/security-considerations for suggestions on keeping ChromeDriver safe.
ChromeDriver was started successfully.
Jan 04, 2021 7:52:37 PM org.openqa.selenium.remote.ProtocolHandshake createSession
INFO: Detected dialect: OSS
]]></system-err>
  </testcase>
  <testcase name="testcase1" classname="testcases.TC_004" time="8.924">
    <failure message="Session ID is null. Using WebDriver after calling quit()?&#10;Build info: version: &apos;3.1.0&apos;, revision: &apos;b94c902&apos;, time: &apos;2017-02-16 12:21:31 -0800&apos;&#10;System info: host: &apos;DESKTOP-3NLNO6U&apos;, ip: &apos;192.168.56.1&apos;, os.name: &apos;Windows 10&apos;, os.arch: &apos;amd64&apos;, os.version: &apos;10.0&apos;, java.version: &apos;1.8.0_271&apos;&#10;Driver info: driver.version: RemoteWebDriver" type="org.openqa.selenium.NoSuchSessionException"><![CDATA[org.openqa.selenium.NoSuchSessionException: 
Session ID is null. Using WebDriver after calling quit()?
Build info: version: '3.1.0', revision: 'b94c902', time: '2017-02-16 12:21:31 -0800'
System info: host: 'DESKTOP-3NLNO6U', ip: '192.168.56.1', os.name: 'Windows 10', os.arch: 'amd64', os.version: '10.0', java.version: '1.8.0_271'
Driver info: driver.version: RemoteWebDriver
	at testcases.TC_004.testcase1(TC_004.java:17)
]]></failure>
    <system-err><![CDATA[Starting ChromeDriver 87.0.4280.88 (89e2380a3e36c3464b5dd1302349b1382549290d-refs/branch-heads/4280@{#1761}) on port 23176
Only local connections are allowed.
Please see https://chromedriver.chromium.org/security-considerations for suggestions on keeping ChromeDriver safe.
ChromeDriver was started successfully.
Jan 04, 2021 7:52:46 PM org.openqa.selenium.remote.ProtocolHandshake createSession
INFO: Detected dialect: OSS
]]></system-err>
  </testcase>
  <testcase name="testcase1" classname="testcases.TC_005" time="8.538">
    <failure message="Session ID is null. Using WebDriver after calling quit()?&#10;Build info: version: &apos;3.1.0&apos;, revision: &apos;b94c902&apos;, time: &apos;2017-02-16 12:21:31 -0800&apos;&#10;System info: host: &apos;DESKTOP-3NLNO6U&apos;, ip: &apos;192.168.56.1&apos;, os.name: &apos;Windows 10&apos;, os.arch: &apos;amd64&apos;, os.version: &apos;10.0&apos;, java.version: &apos;1.8.0_271&apos;&#10;Driver info: driver.version: RemoteWebDriver" type="org.openqa.selenium.NoSuchSessionException"><![CDATA[org.openqa.selenium.NoSuchSessionException: 
Session ID is null. Using WebDriver after calling quit()?
Build info: version: '3.1.0', revision: 'b94c902', time: '2017-02-16 12:21:31 -0800'
System info: host: 'DESKTOP-3NLNO6U', ip: '192.168.56.1', os.name: 'Windows 10', os.arch: 'amd64', os.version: '10.0', java.version: '1.8.0_271'
Driver info: driver.version: RemoteWebDriver
	at testcases.TC_005.testcase1(TC_005.java:17)
]]></failure>
    <system-err><![CDATA[Starting ChromeDriver 87.0.4280.88 (89e2380a3e36c3464b5dd1302349b1382549290d-refs/branch-heads/4280@{#1761}) on port 16542
Only local connections are allowed.
Please see https://chromedriver.chromium.org/security-considerations for suggestions on keeping ChromeDriver safe.
ChromeDriver was started successfully.
Jan 04, 2021 7:52:55 PM org.openqa.selenium.remote.ProtocolHandshake createSession
INFO: Detected dialect: OSS
]]></system-err>
  </testcase>
</testsuite>