<?xml version="1.0" encoding="UTF-8"?>
<testng-results skipped="0" failed="0" total="1" passed="1">
  <reporter-output>
  </reporter-output>
  <suite name="Suite" duration-ms="10165" started-at="2021-01-05T01:37:49Z" finished-at="2021-01-05T01:38:00Z">
    <groups>
    </groups>
    <test name="Test" duration-ms="10165" started-at="2021-01-05T01:37:49Z" finished-at="2021-01-05T01:38:00Z">
      <class name="testcases.TC_001">
        <test-method status="PASS" signature="testcase1()[pri:0, instance:testcases.TC_001@47c62251]" name="testcase1" duration-ms="10147" started-at="2021-01-04T19:37:49Z" finished-at="2021-01-04T19:38:00Z">
          <reporter-output>
          </reporter-output>
        </test-method> <!-- testcase1 -->
      </class> <!-- testcases.TC_001 -->
    </test> <!-- Test -->
  </suite> <!-- Suite -->
</testng-results>
